mode: set
github.com/filipeandrade6/framer-psgr-upload/main.go:13.13,17.16 3 0
github.com/filipeandrade6/framer-psgr-upload/main.go:17.16,19.3 1 0
github.com/filipeandrade6/framer-psgr-upload/main.go:21.2,22.16 2 0
github.com/filipeandrade6/framer-psgr-upload/main.go:22.16,24.3 1 0
github.com/filipeandrade6/framer-psgr-upload/main.go:26.2,26.46 1 0
github.com/filipeandrade6/framer-psgr-upload/adapters/message/awssqs/sqs.go:19.33,21.16 2 0
github.com/filipeandrade6/framer-psgr-upload/adapters/message/awssqs/sqs.go:21.16,23.3 1 0
github.com/filipeandrade6/framer-psgr-upload/adapters/message/awssqs/sqs.go:24.2,26.51 2 0
github.com/filipeandrade6/framer-psgr-upload/adapters/message/awssqs/sqs.go:29.66,35.16 2 0
github.com/filipeandrade6/framer-psgr-upload/adapters/message/awssqs/sqs.go:35.16,37.3 1 0
github.com/filipeandrade6/framer-psgr-upload/adapters/message/awssqs/sqs.go:39.2,39.12 1 0
github.com/filipeandrade6/framer-psgr-upload/domain/service/generator.go:12.100,15.16 3 1
github.com/filipeandrade6/framer-psgr-upload/domain/service/generator.go:15.16,19.3 3 1
github.com/filipeandrade6/framer-psgr-upload/domain/service/generator.go:21.2,22.16 2 1
github.com/filipeandrade6/framer-psgr-upload/domain/service/generator.go:22.16,26.3 3 1
github.com/filipeandrade6/framer-psgr-upload/domain/service/generator.go:28.2,28.17 1 1
github.com/filipeandrade6/framer-psgr-upload/controllers/awslambda/handler.go:22.86,24.2 1 0
github.com/filipeandrade6/framer-psgr-upload/controllers/awslambda/handler.go:26.130,32.16 4 0
github.com/filipeandrade6/framer-psgr-upload/controllers/awslambda/handler.go:32.16,38.3 2 0
github.com/filipeandrade6/framer-psgr-upload/controllers/awslambda/handler.go:40.2,41.9 2 0
github.com/filipeandrade6/framer-psgr-upload/controllers/awslambda/handler.go:41.9,47.3 2 0
github.com/filipeandrade6/framer-psgr-upload/controllers/awslambda/handler.go:49.2,50.9 2 0
github.com/filipeandrade6/framer-psgr-upload/controllers/awslambda/handler.go:50.9,56.3 2 0
github.com/filipeandrade6/framer-psgr-upload/controllers/awslambda/handler.go:58.2,59.16 2 0
github.com/filipeandrade6/framer-psgr-upload/controllers/awslambda/handler.go:59.16,65.3 2 0
github.com/filipeandrade6/framer-psgr-upload/controllers/awslambda/handler.go:67.2,70.8 1 0
github.com/filipeandrade6/framer-psgr-upload/controllers/awslambda/start.go:11.79,14.2 2 0
github.com/filipeandrade6/framer-psgr-upload/adapters/presigner/awss3/s3.go:18.31,20.16 2 0
github.com/filipeandrade6/framer-psgr-upload/adapters/presigner/awss3/s3.go:20.16,22.3 1 0
github.com/filipeandrade6/framer-psgr-upload/adapters/presigner/awss3/s3.go:23.2,25.28 2 0
github.com/filipeandrade6/framer-psgr-upload/adapters/presigner/awss3/s3.go:28.79,37.16 5 0
github.com/filipeandrade6/framer-psgr-upload/adapters/presigner/awss3/s3.go:37.16,39.3 1 0
github.com/filipeandrade6/framer-psgr-upload/adapters/presigner/awss3/s3.go:41.2,41.30 1 0
